<?xml version="1.0" encoding="UTF-8" ?>
<testsuite tests="4" failures="0" name="ec.epn.edu.git.calculator.CalculatorTest" time="0" errors="0" skipped="0">
  <properties>
[...]
</properties>
  <testcase classname="ec.epn.edu.git.calculator.CalculatorTest" name="given_two_integers_when_addition_then_ok" time="0"/>
  <testcase classname="ec.epn.edu.git.calculator.CalculatorTest" name="given_two_integers_when_multiplication_then_ok" time="0"/>
  <testcase classname="ec.epn.edu.git.calculator.CalculatorTest" name="given_two_integers_when_division_then_ok" time="0"/>
  <testcase classname="ec.epn.edu.git.calculator.CalculatorTest" name="given_two_integers_when_subtraction_then_ok" time="0"/>
</testsuite>